<?xml version="1.0" encoding="UTF-8"?>
<robot generator="Robot 7.3.2 (Python 3.13.1 on win32)" generated="2025-11-13T11:07:35.420296" rpa="false" schemaversion="5">
<suite id="s1" name="Test" source="C:\Users\krissanaruks\Test_Web_StockReact\test.robot">
<kw name="Set Screenshot Directory" owner="SeleniumLibrary" type="SETUP">
<arg>${OUTPUT DIR}${/}screenshots</arg>
<doc>Sets the directory for captured screenshots.</doc>
<status status="PASS" start="2025-11-13T11:07:35.621551" elapsed="0.000303"/>
</kw>
<test id="s1-t1" name="Login Success ตรวจสอบการเข้าสู่ระบบด้วยอีเมลและรหัสที่ถูกต้อง" line="29">
<kw name="Login And Go to Dashboard" type="SETUP">
<kw name="Open Browser To Login Page">
<kw name="Open Browser" owner="SeleniumLibrary">
<msg time="2025-11-13T11:07:35.623221" level="INFO">Opening browser 'chrome' to base url 'http://localhost:3001/'.</msg>
<arg>${LOGIN_URL}</arg>
<arg>${BROWSER}</arg>
<doc>Opens a new browser instance to the optional ``url``.</doc>
<status status="PASS" start="2025-11-13T11:07:35.623012" elapsed="1.647411"/>
</kw>
<kw name="Wait Until Element Is Visible" owner="SeleniumLibrary">
<arg>${EMAIL_INPUT}</arg>
<arg>10s</arg>
<doc>Waits until the element ``locator`` is visible.</doc>
<status status="PASS" start="2025-11-13T11:07:37.270576" elapsed="0.499020"/>
</kw>
<status status="PASS" start="2025-11-13T11:07:35.622857" elapsed="2.146864"/>
</kw>
<kw name="Perform Login With Alert">
<kw name="Input Text" owner="SeleniumLibrary">
<msg time="2025-11-13T11:07:37.770515" level="INFO">Typing text 'kittipob.jir@rmutto.ac.th' into text field 'xpath=//*[@id="root"]/div/div/form/input[1]'.</msg>
<arg>${EMAIL_INPUT}</arg>
<arg>${username}</arg>
<doc>Types the given ``text`` into the text field identified by ``locator``.</doc>
<status status="PASS" start="2025-11-13T11:07:37.770305" elapsed="0.126229"/>
</kw>
<kw name="Input Text" owner="SeleniumLibrary">
<msg time="2025-11-13T11:07:37.896952" level="INFO">Typing text '1234' into text field 'xpath=//*[@id="root"]/div/div/form/input[2]'.</msg>
<arg>${PASSWORD_INPUT}</arg>
<arg>${password}</arg>
<doc>Types the given ``text`` into the text field identified by ``locator``.</doc>
<status status="PASS" start="2025-11-13T11:07:37.896695" elapsed="0.067037"/>
</kw>
<kw name="Click Element" owner="SeleniumLibrary">
<msg time="2025-11-13T11:07:37.964046" level="INFO">Clicking element 'xpath=//*[@id="root"]/div/div/form/button'.</msg>
<arg>${LOGIN_BUTTON}</arg>
<doc>Click the element identified by ``locator``.</doc>
<status status="PASS" start="2025-11-13T11:07:37.963866" elapsed="0.040219"/>
</kw>
<kw name="Handle Alert" owner="SeleniumLibrary">
<msg time="2025-11-13T11:07:38.004522" level="INFO">HANDLE::&lt;class 'datetime.timedelta'&gt;::0:00:05</msg>
<msg time="2025-11-13T11:07:38.511471" level="INFO">${alert_text} = เข้าสู่ระบบแอดมินสำเร็จ</msg>
<var>${alert_text}</var>
<arg>ACCEPT</arg>
<arg>timeout=5s</arg>
<doc>Handles the current alert and returns its message.</doc>
<status status="PASS" start="2025-11-13T11:07:38.004280" elapsed="0.507236"/>
</kw>
<kw name="Should Be Equal" owner="BuiltIn">
<arg>${alert_text}</arg>
<arg>${expected_alert}</arg>
<doc>Fails if the given objects are unequal.</doc>
<status status="PASS" start="2025-11-13T11:07:38.511664" elapsed="0.000193"/>
</kw>
<arg>${VALID_EMAIL}</arg>
<arg>${VALID_PASSWORD}</arg>
<arg>${MSG_LOGIN_SUCCESS}</arg>
<status status="PASS" start="2025-11-13T11:07:37.769925" elapsed="0.742006"/>
</kw>
<kw name="Wait Until Location Is" owner="SeleniumLibrary">
<arg>${OVERVIEW_URL}</arg>
<arg>10s</arg>
<doc>Waits until the current URL is ``expected``.</doc>
<status status="PASS" start="2025-11-13T11:07:38.512209" elapsed="0.073045"/>
</kw>
<status status="PASS" start="2025-11-13T11:07:35.622695" elapsed="2.962735"/>
</kw>
<kw name="Wait Until Location Is" owner="SeleniumLibrary">
<arg>${OVERVIEW_URL}</arg>
<arg>10s</arg>
<doc>Waits until the current URL is ``expected``.</doc>
<status status="PASS" start="2025-11-13T11:07:38.585729" elapsed="0.003350"/>
</kw>
<kw name="Close Browser" owner="SeleniumLibrary" type="TEARDOWN">
<doc>Closes the current browser.</doc>
<status status="PASS" start="2025-11-13T11:07:38.589377" elapsed="2.189174"/>
</kw>
<status status="PASS" start="2025-11-13T11:07:35.621973" elapsed="5.157067"/>
</test>
<test id="s1-t2" name="Select Country TH Success" line="32">
<kw name="Login And Go to Dashboard" type="SETUP">
<kw name="Open Browser To Login Page">
<kw name="Open Browser" owner="SeleniumLibrary">
<msg time="2025-11-13T11:07:40.781501" level="INFO">Opening browser 'chrome' to base url 'http://localhost:3001/'.</msg>
<arg>${LOGIN_URL}</arg>
<arg>${BROWSER}</arg>
<doc>Opens a new browser instance to the optional ``url``.</doc>
<status status="PASS" start="2025-11-13T11:07:40.781245" elapsed="1.859668"/>
</kw>
<kw name="Wait Until Element Is Visible" owner="SeleniumLibrary">
<arg>${EMAIL_INPUT}</arg>
<arg>10s</arg>
<doc>Waits until the element ``locator`` is visible.</doc>
<status status="PASS" start="2025-11-13T11:07:42.641073" elapsed="0.013258"/>
</kw>
<status status="PASS" start="2025-11-13T11:07:40.780942" elapsed="1.873517"/>
</kw>
<kw name="Perform Login With Alert">
<kw name="Input Text" owner="SeleniumLibrary">
<msg time="2025-11-13T11:07:42.654943" level="INFO">Typing text 'kittipob.jir@rmutto.ac.th' into text field 'xpath=//*[@id="root"]/div/div/form/input[1]'.</msg>
<arg>${EMAIL_INPUT}</arg>
<arg>${username}</arg>
<doc>Types the given ``text`` into the text field identified by ``locator``.</doc>
<status status="PASS" start="2025-11-13T11:07:42.654812" elapsed="0.116972"/>
</kw>
<kw name="Input Text" owner="SeleniumLibrary">
<msg time="2025-11-13T11:07:42.772291" level="INFO">Typing text '1234' into text field 'xpath=//*[@id="root"]/div/div/form/input[2]'.</msg>
<arg>${PASSWORD_INPUT}</arg>
<arg>${password}</arg>
<doc>Types the given ``text`` into the text field identified by ``locator``.</doc>
<status status="PASS" start="2025-11-13T11:07:42.771949" elapsed="0.057904"/>
</kw>
<kw name="Click Element" owner="SeleniumLibrary">
<msg time="2025-11-13T11:07:42.830288" level="INFO">Clicking element 'xpath=//*[@id="root"]/div/div/form/button'.</msg>
<arg>${LOGIN_BUTTON}</arg>
<doc>Click the element identified by ``locator``.</doc>
<status status="PASS" start="2025-11-13T11:07:42.830050" elapsed="0.051783"/>
</kw>
<kw name="Handle Alert" owner="SeleniumLibrary">
<msg time="2025-11-13T11:07:42.882215" level="INFO">HANDLE::&lt;class 'datetime.timedelta'&gt;::0:00:05</msg>
<msg time="2025-11-13T11:07:43.389952" level="INFO">${alert_text} = เข้าสู่ระบบแอดมินสำเร็จ</msg>
<var>${alert_text}</var>
<arg>ACCEPT</arg>
<arg>timeout=5s</arg>
<doc>Handles the current alert and returns its message.</doc>
<status status="PASS" start="2025-11-13T11:07:42.881978" elapsed="0.508013"/>
</kw>
<kw name="Should Be Equal" owner="BuiltIn">
<arg>${alert_text}</arg>
<arg>${expected_alert}</arg>
<doc>Fails if the given objects are unequal.</doc>
<status status="PASS" start="2025-11-13T11:07:43.390116" elapsed="0.000177"/>
</kw>
<arg>${VALID_EMAIL}</arg>
<arg>${VALID_PASSWORD}</arg>
<arg>${MSG_LOGIN_SUCCESS}</arg>
<status status="PASS" start="2025-11-13T11:07:42.654592" elapsed="0.735750"/>
</kw>
<kw name="Wait Until Location Is" owner="SeleniumLibrary">
<arg>${OVERVIEW_URL}</arg>
<arg>10s</arg>
<doc>Waits until the current URL is ``expected``.</doc>
<status status="PASS" start="2025-11-13T11:07:43.390405" elapsed="0.050758"/>
</kw>
<status status="PASS" start="2025-11-13T11:07:40.780609" elapsed="2.660682"/>
</kw>
<kw name="Click Element" owner="SeleniumLibrary">
<msg time="2025-11-13T11:07:43.441831" level="INFO">Clicking element 'xpath=//*[@id="root"]/div/div[1]/a[3]'.</msg>
<arg>${MarketTrend_Button}</arg>
<doc>Click the element identified by ``locator``.</doc>
<status status="PASS" start="2025-11-13T11:07:43.441573" elapsed="0.229606"/>
</kw>
<kw name="Wait Until Location Is" owner="SeleniumLibrary">
<arg>${MarketTrend_URL}</arg>
<arg>10s</arg>
<doc>Waits until the current URL is ``expected``.</doc>
<status status="PASS" start="2025-11-13T11:07:43.671603" elapsed="0.015205"/>
</kw>
<kw name="Select Country">
<kw name="Select From List By Label" owner="SeleniumLibrary">
<msg time="2025-11-13T11:07:43.687592" level="INFO">Selecting options from selection list 'xpath=//*[@id="root"]/div/div[2]/div/div/div[1]/div/select[1]' by label Thailand (TH).</msg>
<arg>${COUNTRY_SELECT}</arg>
<arg>${country_name}</arg>
<doc>Selects options from selection list ``locator`` by ``labels``.</doc>
<status status="PASS" start="2025-11-13T11:07:43.687436" elapsed="0.080921"/>
</kw>
<kw name="List Selection Should Be" owner="SeleniumLibrary">
<msg time="2025-11-13T11:07:43.768676" level="INFO">Verifying list 'xpath=//*[@id="root"]/div/div[2]/div/div/div[1]/div/select[1]' has option [ Thailand (TH) ] selected.</msg>
<msg time="2025-11-13T11:07:43.775120" level="INFO">Current page contains list 'xpath=//*[@id="root"]/div/div[2]/div/div/div[1]/div/select[1]'.</msg>
<arg>${COUNTRY_SELECT}</arg>
<arg>${country_name}</arg>
<doc>Verifies selection list ``locator`` has ``expected`` options selected.</doc>
<status status="PASS" start="2025-11-13T11:07:43.768493" elapsed="0.054355"/>
</kw>
<arg>Thailand (TH)</arg>
<doc>เลือกประเทศจาก Dropdown</doc>
<status status="PASS" start="2025-11-13T11:07:43.687191" elapsed="0.135753"/>
</kw>
<kw name="Close Browser" owner="SeleniumLibrary" type="TEARDOWN">
<doc>Closes the current browser.</doc>
<status status="PASS" start="2025-11-13T11:07:43.823325" elapsed="2.116655"/>
</kw>
<status status="PASS" start="2025-11-13T11:07:40.780044" elapsed="5.161172"/>
</test>
<test id="s1-t3" name="Select Country USA Success" line="38">
<kw name="Login And Go to Dashboard" type="SETUP">
<kw name="Open Browser To Login Page">
<kw name="Open Browser" owner="SeleniumLibrary">
<msg time="2025-11-13T11:07:45.944460" level="INFO">Opening browser 'chrome' to base url 'http://localhost:3001/'.</msg>
<arg>${LOGIN_URL}</arg>
<arg>${BROWSER}</arg>
<doc>Opens a new browser instance to the optional ``url``.</doc>
<status status="PASS" start="2025-11-13T11:07:45.944022" elapsed="1.460060"/>
</kw>
<kw name="Wait Until Element Is Visible" owner="SeleniumLibrary">
<arg>${EMAIL_INPUT}</arg>
<arg>10s</arg>
<doc>Waits until the element ``locator`` is visible.</doc>
<status status="PASS" start="2025-11-13T11:07:47.404275" elapsed="0.517901"/>
</kw>
<status status="PASS" start="2025-11-13T11:07:45.943678" elapsed="1.978573"/>
</kw>
<kw name="Perform Login With Alert">
<kw name="Input Text" owner="SeleniumLibrary">
<msg time="2025-11-13T11:07:47.922670" level="INFO">Typing text 'kittipob.jir@rmutto.ac.th' into text field 'xpath=//*[@id="root"]/div/div/form/input[1]'.</msg>
<arg>${EMAIL_INPUT}</arg>
<arg>${username}</arg>
<doc>Types the given ``text`` into the text field identified by ``locator``.</doc>
<status status="PASS" start="2025-11-13T11:07:47.922556" elapsed="0.161882"/>
</kw>
<kw name="Input Text" owner="SeleniumLibrary">
<msg time="2025-11-13T11:07:48.084979" level="INFO">Typing text '1234' into text field 'xpath=//*[@id="root"]/div/div/form/input[2]'.</msg>
<arg>${PASSWORD_INPUT}</arg>
<arg>${password}</arg>
<doc>Types the given ``text`` into the text field identified by ``locator``.</doc>
<status status="PASS" start="2025-11-13T11:07:48.084661" elapsed="0.069593"/>
</kw>
<kw name="Click Element" owner="SeleniumLibrary">
<msg time="2025-11-13T11:07:48.154729" level="INFO">Clicking element 'xpath=//*[@id="root"]/div/div/form/button'.</msg>
<arg>${LOGIN_BUTTON}</arg>
<doc>Click the element identified by ``locator``.</doc>
<status status="PASS" start="2025-11-13T11:07:48.154471" elapsed="0.061491"/>
</kw>
<kw name="Handle Alert" owner="SeleniumLibrary">
<msg time="2025-11-13T11:07:48.216492" level="INFO">HANDLE::&lt;class 'datetime.timedelta'&gt;::0:00:05</msg>
<msg time="2025-11-13T11:07:48.725467" level="INFO">${alert_text} = เข้าสู่ระบบแอดมินสำเร็จ</msg>
<var>${alert_text}</var>
<arg>ACCEPT</arg>
<arg>timeout=5s</arg>
<doc>Handles the current alert and returns its message.</doc>
<status status="PASS" start="2025-11-13T11:07:48.216166" elapsed="0.509349"/>
</kw>
<kw name="Should Be Equal" owner="BuiltIn">
<arg>${alert_text}</arg>
<arg>${expected_alert}</arg>
<doc>Fails if the given objects are unequal.</doc>
<status status="PASS" start="2025-11-13T11:07:48.725701" elapsed="0.000286"/>
</kw>
<arg>${VALID_EMAIL}</arg>
<arg>${VALID_PASSWORD}</arg>
<arg>${MSG_LOGIN_SUCCESS}</arg>
<status status="PASS" start="2025-11-13T11:07:47.922357" elapsed="0.803700"/>
</kw>
<kw name="Wait Until Location Is" owner="SeleniumLibrary">
<arg>${OVERVIEW_URL}</arg>
<arg>10s</arg>
<doc>Waits until the current URL is ``expected``.</doc>
<status status="PASS" start="2025-11-13T11:07:48.726161" elapsed="0.090873"/>
</kw>
<status status="PASS" start="2025-11-13T11:07:45.943266" elapsed="2.873951"/>
</kw>
<kw name="Click Element" owner="SeleniumLibrary">
<msg time="2025-11-13T11:07:48.818471" level="INFO">Clicking element 'xpath=//*[@id="root"]/div/div[1]/a[3]'.</msg>
<arg>${MarketTrend_Button}</arg>
<doc>Click the element identified by ``locator``.</doc>
<status status="PASS" start="2025-11-13T11:07:48.817860" elapsed="0.256923"/>
</kw>
<kw name="Wait Until Location Is" owner="SeleniumLibrary">
<arg>${MarketTrend_URL}</arg>
<arg>10s</arg>
<doc>Waits until the current URL is ``expected``.</doc>
<status status="PASS" start="2025-11-13T11:07:49.075103" elapsed="0.005266"/>
</kw>
<kw name="Select Country">
<kw name="Select From List By Label" owner="SeleniumLibrary">
<msg time="2025-11-13T11:07:49.081277" level="INFO">Selecting options from selection list 'xpath=//*[@id="root"]/div/div[2]/div/div/div[1]/div/select[1]' by label United States (USA).</msg>
<arg>${COUNTRY_SELECT}</arg>
<arg>${country_name}</arg>
<doc>Selects options from selection list ``locator`` by ``labels``.</doc>
<status status="PASS" start="2025-11-13T11:07:49.081021" elapsed="0.137170"/>
</kw>
<kw name="List Selection Should Be" owner="SeleniumLibrary">
<msg time="2025-11-13T11:07:49.218848" level="INFO">Verifying list 'xpath=//*[@id="root"]/div/div[2]/div/div/div[1]/div/select[1]' has option [ United States (USA) ] selected.</msg>
<msg time="2025-11-13T11:07:49.233625" level="INFO">Current page contains list 'xpath=//*[@id="root"]/div/div[2]/div/div/div[1]/div/select[1]'.</msg>
<arg>${COUNTRY_SELECT}</arg>
<arg>${country_name}</arg>
<doc>Verifies selection list ``locator`` has ``expected`` options selected.</doc>
<status status="PASS" start="2025-11-13T11:07:49.218350" elapsed="0.063818"/>
</kw>
<arg>United States (USA)</arg>
<doc>เลือกประเทศจาก Dropdown</doc>
<status status="PASS" start="2025-11-13T11:07:49.080733" elapsed="0.201559"/>
</kw>
<kw name="Close Browser" owner="SeleniumLibrary" type="TEARDOWN">
<doc>Closes the current browser.</doc>
<status status="PASS" start="2025-11-13T11:07:49.282630" elapsed="2.089647"/>
</kw>
<status status="PASS" start="2025-11-13T11:07:45.942661" elapsed="5.430325"/>
</test>
<status status="PASS" start="2025-11-13T11:07:35.432721" elapsed="15.942373"/>
</suite>
<statistics>
<total>
<stat pass="3" fail="0" skip="0">All Tests</stat>
</total>
<tag>
</tag>
<suite>
<stat name="Test" id="s1" pass="3" fail="0" skip="0">Test</stat>
</suite>
</statistics>
<errors>
</errors>
</robot>
